[COT 2020-06-30 02:30:51] Offline: Teleported to position <10336.313477, 6.856492, 4344.919922>
[COT 2020-06-30 02:31:52] Offline: Entered the Free Camera
[COT 2020-06-30 02:35:10] Offline: Left the Free Camera
[COT 2020-06-30 02:35:26] Offline: Teleported to position <5482.379395, 74.000000, 3845.172852>
[COT 2020-06-30 02:36:46] Offline: Entered the Free Camera
[COT 2020-06-30 02:39:34] Offline: Teleported to position <3689.915039, 32.182323, 6242.255371>
[COT 2020-06-30 02:40:10] Offline: Teleported to position <3289.401855, 22.380001, 6194.870117>
[COT 2020-06-30 02:40:11] Offline: Left the Free Camera
[COT 2020-06-30 02:41:40] Offline: Entered the Free Camera
[COT 2020-06-30 02:42:28] Offline: Teleported to position <3792.623047, 11.435131, 9737.585938>
[COT 2020-06-30 02:42:30] Offline: Left the Free Camera
[COT 2020-06-30 02:44:01] Offline: Spawned Entity Ballistic Helmet (BallisticHelmet_Black, -1, 50) at <3763.618408, 11.142604, 9686.326172>
[COT 2020-06-30 02:44:14] Offline: Spawned Entity Cargo Pants (CargoPants_Black, -1, 100) at <3763.618408, 11.440684, 9686.326172>
[COT 2020-06-30 02:45:00] Offline: Spawned Entity Field Vest (UKAssVest_Black, -1, 500) at <3763.743164, 11.391462, 9686.680664>
[COT 2020-06-30 02:45:12] Offline: Spawned Entity KA-101 (AK101, -1, 300) at <3763.743164, 11.116699, 9686.680664>
[COT 2020-06-30 02:45:16] Offline: Spawned Entity 30rd KA-101 Mag (Mag_AK101_30Rnd, 1, 100) at <3763.743164, 11.662002, 9686.680664>
[COT 2020-06-30 02:45:25] Offline: Spawned Entity KA Polymer Buttstock (AK_PlasticBttstck, -1, 200) at <3763.743164, 11.608344, 9686.680664>
[COT 2020-06-30 02:45:31] Offline: Spawned Entity KA Polymer Handguard (AK_PlasticHndgrd, -1, 170) at <3763.743164, 11.466387, 9686.680664>
[COT 2020-06-30 02:46:33] Offline: Entered the Free Camera
[COT 2020-06-30 02:46:59] Offline: Spawned Entity Bandana (BandanaMask_BlackPattern, -1, 100) at <3763.627197, 11.165885, 9687.463867>
[COT 2020-06-30 02:47:35] Offline: Teleported to position <3751.905029, 11.334966, 9706.564453>
[COT 2020-06-30 02:47:38] Offline: Left the Free Camera
[COT 2020-06-30 02:48:00] Offline: Entered the Free Camera
[COT 2020-06-30 02:48:58] Offline: Left the Free Camera
[COT 2020-06-30 02:49:27] Offline: Teleported to position <3816.076172, 10.317980, 9657.450195>
[COT 2020-06-30 02:50:24] Offline: Teleported to position <3828.861328, 14.447739, 9653.612305>
[COT 2020-06-30 02:50:31] Offline: Teleported to position <3827.980713, 14.411875, 9653.219727>
[COT 2020-06-30 02:50:41] Offline: Teleported to position <3829.234863, 14.505968, 9652.105469>
