[COT 2020-06-27 18:24:32] Offline: Entered the Free Camera
[COT 2020-06-27 18:24:45] Offline: Teleported to position <9279.125000, 7.643431, 4980.267578>
[COT 2020-06-27 18:24:46] Offline: Left the Free Camera
[COT 2020-06-27 18:25:34] Offline: Spawned Entity Tavor X95 Forward Grip (TD_TavorX95_PlasticHndgrd, -1, 150) at <9268.587891, 7.688315, 4973.967285>
[COT 2020-06-27 18:25:34] Offline: Spawned Entity Tavor X95 Forward Grip (TD_TavorX95_PlasticHndgrd, -1, 150) at <9268.587891, 7.688315, 4973.967285>
[COT 2020-06-27 18:25:35] Offline: Spawned Entity Tavor-X95 BUIS (TD_TavorX95_BUISOptic, -1, 100) at <9268.587891, 7.745796, 4973.967285>
[COT 2020-06-27 18:25:36] Offline: Spawned Entity Tavor-X95 BUIS (TD_TavorX95_BUISOptic, -1, 100) at <9268.587891, 7.745796, 4973.967285>
[COT 2020-06-27 18:25:37] Offline: Spawned Entity Tavor X95 (TD_TavorX95_556, -1, 350) at <9268.587891, 8.026016, 4973.967285>
[COT 2020-06-27 18:25:39] Offline: Spawned Entity Tavor X95 (TD_TavorX95_300, -1, 350) at <9268.587891, 8.026016, 4973.967285>
[COT 2020-06-27 18:25:41] Offline: Spawned Entity 556 Tavor-X95 Mag (TD_Mag_TavorX95_556_30Rnd, 1, 350) at <9268.587891, 7.793118, 4973.967285>
[COT 2020-06-27 18:25:41] Offline: Spawned Entity 556 Tavor-X95 Mag (TD_Mag_TavorX95_556_30Rnd, 1, 350) at <9268.587891, 7.793118, 4973.967285>
[COT 2020-06-27 18:25:43] Offline: Spawned Entity .300AAC Tavor-X95 Mag (TD_Mag_TavorX95_300_30Rnd, 1, 350) at <9268.587891, 7.793118, 4973.967285>
[COT 2020-06-27 18:25:43] Offline: Spawned Entity .300AAC Tavor-X95 Mag (TD_Mag_TavorX95_300_30Rnd, 1, 350) at <9268.587891, 7.793118, 4973.967285>
[COT 2020-06-27 18:25:51] Offline: Spawned Entity Standardized Suppressor (M4_Suppressor, -1, 4) at <9268.587891, 7.695473, 4973.967285>
[COT 2020-06-27 18:25:51] Offline: Spawned Entity Standardized Suppressor (M4_Suppressor, -1, 4) at <9268.587891, 7.695473, 4973.967285>
[COT 2020-06-27 18:25:58] Offline: Spawned Entity Baraka Sights (ReflexOptic, -1, 30) at <9268.587891, 7.573375, 4973.967285>
[COT 2020-06-27 18:25:59] Offline: Spawned Entity Baraka Sights (ReflexOptic, -1, 30) at <9268.587891, 7.573375, 4973.967285>
[COT 2020-06-27 18:26:04] Offline: Spawned Entity 9V Battery (Battery9V, 50, 20) at <9268.587891, 7.489644, 4973.967285>
[COT 2020-06-27 18:26:05] Offline: Spawned Entity 9V Battery (Battery9V, 50, 20) at <9268.587891, 7.489644, 4973.967285>
[COT 2020-06-27 18:27:49] Offline: Spawned Entity  (Land_Roadblock_Table, -1, 0) at <9273.663086, 8.955140, 4966.826660>
[COT 2020-06-27 18:28:04] Offline: Spawned Entity  (Land_Roadblock_Table, -1, 0) at <9287.469727, 9.397644, 4976.807617>
[COT 2020-06-27 18:29:04] Offline: Spawned Entity 30rd Coupled Standardized Mag (Mag_STANAGCoupled_30Rnd, 1, 100) at <9273.875000, 8.590313, 4969.386719>
[COT 2020-06-27 18:32:34] Offline: Spawned Entity Tavor X95 (TD_TavorX95_556, -1, 350) at <9274.323242, 8.055908, 4972.425293>
[COT 2020-06-27 18:32:36] Offline: Spawned Entity Tavor X95 Forward Grip (TD_TavorX95_PlasticHndgrd, -1, 150) at <9274.323242, 7.718207, 4972.425293>
[COT 2020-06-27 18:32:38] Offline: Spawned Entity Tavor-X95 BUIS (TD_TavorX95_BUISOptic, -1, 100) at <9274.323242, 7.775688, 4972.425293>
[COT 2020-06-27 18:32:39] Offline: Spawned Entity Tavor-X95 BUIS (TD_TavorX95_BUISOptic, -1, 100) at <9274.323242, 7.775688, 4972.425293>
[COT 2020-06-27 18:32:40] Offline: Spawned Entity Tavor X95 Forward Grip (TD_TavorX95_PlasticHndgrd, -1, 150) at <9274.323242, 7.718207, 4972.425293>
[COT 2020-06-27 18:32:45] Offline: Spawned Entity 556 Tavor-X95 Mag (TD_Mag_TavorX95_556_30Rnd, 1, 350) at <9274.323242, 7.823010, 4972.425293>
[COT 2020-06-27 18:33:17] Offline: Spawned Entity Plastic Bottle Suppressor (ImprovisedSuppressor, -1, 1) at <9274.323242, 7.422911, 4972.425293>
[COT 2020-06-27 18:33:22] Offline: Spawned Entity Ghillie Rifle Wrap (GhillieAtt_Mossy, -1, 300) at <9274.323242, 7.824119, 4972.425293>
[COT 2020-06-27 18:33:52] Offline: Teleported to position <9274.118164, 7.358745, 4968.979980>
[COT 2020-06-27 18:33:53] Offline: Teleported to position <9273.834961, 7.336586, 4967.361816>
[COT 2020-06-27 18:36:51] Offline: Teleported to position <9270.614258, 7.306864, 4967.725098>
[COT 2020-06-27 18:37:06] Offline: Teleported to position <9267.693359, 7.246536, 4963.742188>
[COT 2020-06-27 18:37:22] Offline: Teleported to position <9266.791992, 7.217348, 4960.453613>
[COT 2020-06-27 18:39:36] Offline: Teleported to position <9276.341797, 7.235268, 4953.100098>
[COT 2020-06-27 18:40:08] Offline: Spawned Entity ATOG Scope (ACOGOptic, -1, 50) at <9274.129883, 7.759079, 4972.187500>
[COT 2020-06-27 18:41:22] Offline: Spawned Entity Tavor X95 (TD_TavorX95_556, -1, 350) at <9273.789063, 8.044124, 4972.193359>
[COT 2020-06-27 18:41:24] Offline: Spawned Entity Tavor X95 (TD_TavorX95_300, -1, 350) at <9273.789063, 8.044124, 4972.193359>
[COT 2020-06-27 18:41:25] Offline: Spawned Entity Tavor X95 Forward Grip (TD_TavorX95_PlasticHndgrd, -1, 150) at <9273.789063, 7.706422, 4972.193359>
[COT 2020-06-27 18:42:13] Offline: Spawned Entity Standardized Suppressor (M4_Suppressor, -1, 4) at <9273.789063, 7.713876, 4972.193359>
[COT 2020-06-27 18:42:14] Offline: Spawned Entity Standardized Suppressor (M4_Suppressor, -1, 4) at <9273.789063, 7.713876, 4972.193359>
[COT 2020-06-27 18:43:20] Offline: Spawned Entity 30rd Standardized Mag (Mag_STANAG_30Rnd, 1, 100) at <9273.789063, 7.833967, 4972.193359>
[COT 2020-06-27 18:43:21] Offline: Spawned Entity 30rd Coupled Standardized Mag (Mag_STANAGCoupled_30Rnd, 1, 100) at <9273.789063, 7.788669, 4972.193359>
[COT 2020-06-27 18:44:07] Offline: Spawned Entity .300AAC Tavor-X95 Mag (TD_Mag_TavorX95_300_30Rnd, 1, 350) at <9277.369141, 7.874876, 4972.532715>
[COT 2020-06-27 18:45:07] Offline: Spawned Entity Tavor X95 Forward Grip (TD_TavorX95_PlasticHndgrd, -1, 150) at <9273.593750, 7.685762, 4971.004395>
[COT 2020-06-27 18:46:25] Offline: Entered the Free Camera
[COT 2020-06-27 18:50:04] Offline: Left the Free Camera
[COT 2020-06-27 18:54:37] Offline: Spawned Entity Cargo Pants (CargoPants_Black, -1, 100) at <9273.692383, 7.701640, 4971.809570>
[COT 2020-06-27 18:55:10] Offline: Teleported to position <9268.033203, 7.385994, 4974.616211>
[COT 2020-06-27 18:55:28] Offline: Teleported to position <9243.567383, 7.627400, 4979.164063>
